<?xml version="1.0" encoding="utf-8"?><testsuites name="pytest tests"><testsuite name="pytest" errors="0" failures="0" skipped="0" tests="17" time="8.816" timestamp="2026-02-04T00:07:49.042502+00:00" hostname="agent-env-07f6ab4d-8a71-422a-ba6a-9416d597582e"><testcase classname="backend.tests.test_api.TestHealthEndpoints" name="test_root_endpoint" time="0.492" /><testcase classname="backend.tests.test_api.TestHealthEndpoints" name="test_health_endpoint" time="0.769" /><testcase classname="backend.tests.test_api.TestServicesEndpoint" name="test_get_services" time="0.446" /><testcase classname="backend.tests.test_api.TestServicesEndpoint" name="test_services_have_required_fields" time="0.444" /><testcase classname="backend.tests.test_api.TestServiceAreasEndpoint" name="test_get_service_areas" time="0.451" /><testcase classname="backend.tests.test_api.TestServiceAreasEndpoint" name="test_service_areas_regions" time="0.347" /><testcase classname="backend.tests.test_api.TestServiceAreasEndpoint" name="test_airports_list" time="0.447" /><testcase classname="backend.tests.test_api.TestFleetEndpoint" name="test_get_fleet" time="0.775" /><testcase classname="backend.tests.test_api.TestFleetEndpoint" name="test_vehicles_have_required_fields" time="0.449" /><testcase classname="backend.tests.test_api.TestContactEndpoint" name="test_submit_contact_message" time="0.351" /><testcase classname="backend.tests.test_api.TestContactEndpoint" name="test_contact_without_phone" time="0.780" /><testcase classname="backend.tests.test_api.TestContactEndpoint" name="test_contact_invalid_email" time="0.800" /><testcase classname="backend.tests.test_api.TestContactEndpoint" name="test_contact_missing_required_fields" time="0.348" /><testcase classname="backend.tests.test_api.TestQuoteRequestEndpoint" name="test_submit_quote_request" time="0.663" /><testcase classname="backend.tests.test_api.TestQuoteRequestEndpoint" name="test_quote_request_minimal_fields" time="0.347" /><testcase classname="backend.tests.test_api.TestQuoteRequestEndpoint" name="test_get_quote_requests" time="0.451" /><testcase classname="backend.tests.test_api.TestQuoteRequestEndpoint" name="test_quote_request_invalid_email" time="0.343" /></testsuite></testsuites>